<?xml version="1.0" encoding="UTF-8"?>
<!-- Generated by org.testng.reporters.JUnitReportReporter -->
<testsuite hostname="DESKTOP-QQ2F0N4" failures="0" tests="4" name="TestPack.VerifyServicePage" time="108.269" errors="0" timestamp="2022-09-26T21:59:39 GMT-07:00" skipped="0">
  <testcase classname="TestPack.VerifyServicePage" name="VerifyEUCanClickOnRefund" time="24.881"/>
  <system-out/>
  <testcase classname="TestPack.VerifyServicePage" name="VerifyEUCanClickOnRefund" time="15.222"/>
  <system-out/>
  <testcase classname="TestPack.VerifyServicePage" name="VerifyEUCanClickOnYourOrder" time="47.285"/>
  <system-out/>
  <testcase classname="TestPack.VerifyServicePage" name="VerifyEUCanClickOnYourOrder" time="20.881"/>
  <system-out/>
</testsuite> <!-- TestPack.VerifyServicePage -->
