<?xml version="1.0" encoding="UTF-8"?>
<!-- Generated by org.testng.reporters.JUnitReportReporter -->
<testsuite hostname="DESKTOP-QQ2F0N4" failures="0" tests="2" name="TestPack.VerifyTestCasesOnMobileAndAccePage" time="122.821" errors="0" timestamp="2022-09-26T21:59:39 GMT-07:00" skipped="0">
  <testcase classname="TestPack.VerifyTestCasesOnMobileAndAccePage" name="VerifyEUCanClickOnCablesField" time="63.234"/>
  <system-out/>
  <testcase classname="TestPack.VerifyTestCasesOnMobileAndAccePage" name="VerifyEUCanClickOnCablesField" time="59.587"/>
  <system-out/>
</testsuite> <!-- TestPack.VerifyTestCasesOnMobileAndAccePage -->
