<?xml version="1.0" encoding="UTF-8"?>
<!-- Generated by org.testng.reporters.JUnitReportReporter -->
<testsuite hostname="DESKTOP-QQ2F0N4" failures="0" tests="6" name="TestPack.VerifyLanguageSelectionOnBooksPage" time="59.717" errors="0" timestamp="2022-09-26T21:59:39 GMT-07:00" skipped="0">
  <testcase classname="TestPack.VerifyLanguageSelectionOnBooksPage" name="VerifyEUCanSelectMarathiBooks" time="11.836"/>
  <system-out/>
  <testcase classname="TestPack.VerifyLanguageSelectionOnBooksPage" name="VerifyEUCanSelectMarathiBooks" time="6.709"/>
  <system-out/>
  <testcase classname="TestPack.VerifyLanguageSelectionOnBooksPage" name="VerifyEUCanSelectHindiBooks" time="14.690"/>
  <system-out/>
  <testcase classname="TestPack.VerifyLanguageSelectionOnBooksPage" name="VerifyEUCanSelectHindiBooks" time="12.588"/>
  <system-out/>
  <testcase classname="TestPack.VerifyLanguageSelectionOnBooksPage" name="VerifyEUCanSelectEnglishBooks" time="6.984"/>
  <system-out/>
  <testcase classname="TestPack.VerifyLanguageSelectionOnBooksPage" name="VerifyEUCanSelectEnglishBooks" time="6.910"/>
  <system-out/>
</testsuite> <!-- TestPack.VerifyLanguageSelectionOnBooksPage -->
